{
    "/home/nabeelinux/capstone-project-3900h13bwriterundebugrepeat/identity-issuer/config/default.ts": {
        "path": "/home/nabeelinux/capstone-project-3900h13bwriterundebugrepeat/identity-issuer/config/default.ts",
        "statementMap": {
            "0": {
                "start": { "line": 1, "column": 0 },
                "end": { "line": 6, "column": null }
            }
        },
        "fnMap": {},
        "branchMap": {},
        "s": { "0": 7 },
        "f": {},
        "b": {}
    },
    "/home/nabeelinux/capstone-project-3900h13bwriterundebugrepeat/identity-issuer/src/app.ts": {
        "path": "/home/nabeelinux/capstone-project-3900h13bwriterundebugrepeat/identity-issuer/src/app.ts",
        "statementMap": {
            "0": {
                "start": { "line": 1, "column": 0 },
                "end": { "line": 1, "column": 29 }
            },
            "1": {
                "start": { "line": 2, "column": 0 },
                "end": { "line": 2, "column": 27 }
            },
            "2": {
                "start": { "line": 3, "column": 0 },
                "end": { "line": 3, "column": 35 }
            },
            "3": {
                "start": { "line": 4, "column": 0 },
                "end": { "line": 4, "column": 29 }
            },
            "4": {
                "start": { "line": 6, "column": 13 },
                "end": { "line": 6, "column": 39 }
            },
            "5": {
                "start": { "line": 8, "column": 12 },
                "end": { "line": 8, "column": 21 }
            },
            "6": {
                "start": { "line": 17, "column": 9 },
                "end": { "line": 17, "column": 12 }
            },
            "7": {
                "start": { "line": 9, "column": 0 },
                "end": { "line": 9, "column": null }
            },
            "8": {
                "start": { "line": 11, "column": 0 },
                "end": { "line": 11, "column": null }
            },
            "9": {
                "start": { "line": 13, "column": 15 },
                "end": { "line": 15, "column": 2 }
            },
            "10": {
                "start": { "line": 13, "column": 43 },
                "end": { "line": 15, "column": 2 }
            },
            "11": {
                "start": { "line": 14, "column": 4 },
                "end": { "line": 14, "column": null }
            },
            "12": {
                "start": { "line": 17, "column": 14 },
                "end": { "line": 17, "column": 20 }
            }
        },
        "fnMap": {
            "0": {
                "name": "(anonymous_8)",
                "decl": {
                    "start": { "line": 13, "column": 32 },
                    "end": { "line": 13, "column": 41 }
                },
                "loc": {
                    "start": { "line": 13, "column": 43 },
                    "end": { "line": 15, "column": 2 }
                }
            },
            "1": {
                "name": "(anonymous_9)",
                "decl": {
                    "start": { "line": 13, "column": 43 },
                    "end": { "line": 13, "column": null }
                },
                "loc": {
                    "start": { "line": 13, "column": 43 },
                    "end": { "line": 15, "column": 1 }
                }
            }
        },
        "branchMap": {},
        "s": {
            "0": 7,
            "1": 7,
            "2": 7,
            "3": 7,
            "4": 7,
            "5": 7,
            "6": 7,
            "7": 7,
            "8": 7,
            "9": 7,
            "10": 7,
            "11": 7,
            "12": 7
        },
        "f": { "0": 7, "1": 7 },
        "b": {}
    },
    "/home/nabeelinux/capstone-project-3900h13bwriterundebugrepeat/identity-issuer/src/routes.ts": {
        "path": "/home/nabeelinux/capstone-project-3900h13bwriterundebugrepeat/identity-issuer/src/routes.ts",
        "statementMap": {
            "0": {
                "start": { "line": 2, "column": 0 },
                "end": { "line": 2, "column": null }
            },
            "1": {
                "start": { "line": 24, "column": 0 },
                "end": { "line": 24, "column": 35 }
            },
            "2": {
                "start": { "line": 25, "column": 0 },
                "end": { "line": 25, "column": null }
            },
            "3": {
                "start": { "line": 30, "column": 0 },
                "end": { "line": 30, "column": null }
            },
            "4": {
                "start": { "line": 36, "column": 0 },
                "end": { "line": 36, "column": 27 }
            },
            "5": {
                "start": { "line": 37, "column": 0 },
                "end": { "line": 37, "column": 25 }
            },
            "6": {
                "start": { "line": 38, "column": 0 },
                "end": { "line": 38, "column": 46 }
            },
            "7": {
                "start": { "line": 43, "column": 18 },
                "end": { "line": 43, "column": 20 }
            },
            "8": {
                "start": { "line": 46, "column": 4 },
                "end": { "line": 49, "column": null }
            },
            "9": {
                "start": { "line": 47, "column": 8 },
                "end": { "line": 47, "column": null }
            },
            "10": {
                "start": { "line": 48, "column": 8 },
                "end": { "line": 48, "column": null }
            },
            "11": {
                "start": { "line": 52, "column": 4 },
                "end": { "line": 119, "column": null }
            },
            "12": {
                "start": { "line": 52, "column": 71 },
                "end": { "line": 119, "column": 6 }
            },
            "13": {
                "start": { "line": 53, "column": 8 },
                "end": { "line": 118, "column": 9 }
            },
            "14": {
                "start": { "line": 55, "column": 16 },
                "end": { "line": 55, "column": 54 }
            },
            "15": {
                "start": { "line": 56, "column": 12 },
                "end": { "line": 56, "column": null }
            },
            "16": {
                "start": { "line": 57, "column": 34 },
                "end": { "line": 57, "column": 58 }
            },
            "17": {
                "start": { "line": 58, "column": 28 },
                "end": { "line": 58, "column": 58 }
            },
            "18": {
                "start": { "line": 60, "column": 12 },
                "end": { "line": 62, "column": 13 }
            },
            "19": {
                "start": { "line": 61, "column": 16 },
                "end": { "line": 61, "column": null }
            },
            "20": {
                "start": { "line": 64, "column": 12 },
                "end": { "line": 64, "column": null }
            },
            "21": {
                "start": { "line": 66, "column": 26 },
                "end": { "line": 68, "column": 56 }
            },
            "22": {
                "start": { "line": 68, "column": 31 },
                "end": { "line": 68, "column": 55 }
            },
            "23": {
                "start": { "line": 69, "column": 35 },
                "end": { "line": 69, "column": 50 }
            },
            "24": {
                "start": { "line": 70, "column": 12 },
                "end": { "line": 70, "column": null }
            },
            "25": {
                "start": { "line": 72, "column": 36 },
                "end": { "line": 72, "column": 65 }
            },
            "26": {
                "start": { "line": 73, "column": 12 },
                "end": { "line": 80, "column": 13 }
            },
            "27": {
                "start": { "line": 75, "column": 16 },
                "end": { "line": 79, "column": null }
            },
            "28": {
                "start": { "line": 81, "column": 12 },
                "end": { "line": 81, "column": null }
            },
            "29": {
                "start": { "line": 83, "column": 30 },
                "end": { "line": 83, "column": 78 }
            },
            "30": {
                "start": { "line": 84, "column": 12 },
                "end": { "line": 84, "column": null }
            },
            "31": {
                "start": { "line": 87, "column": 29 },
                "end": { "line": 96, "column": null }
            },
            "32": {
                "start": { "line": 98, "column": 12 },
                "end": { "line": 98, "column": null }
            },
            "33": {
                "start": { "line": 101, "column": 36 },
                "end": { "line": 101, "column": 77 }
            },
            "34": {
                "start": { "line": 103, "column": 12 },
                "end": { "line": 112, "column": 13 }
            },
            "35": {
                "start": { "line": 105, "column": 33 },
                "end": { "line": 105, "column": 78 }
            },
            "36": {
                "start": { "line": 106, "column": 16 },
                "end": { "line": 106, "column": null }
            },
            "37": {
                "start": { "line": 108, "column": 16 },
                "end": { "line": 108, "column": null }
            },
            "38": {
                "start": { "line": 110, "column": 16 },
                "end": { "line": 110, "column": null }
            },
            "39": {
                "start": { "line": 111, "column": 16 },
                "end": { "line": 111, "column": null }
            },
            "40": {
                "start": { "line": 114, "column": 12 },
                "end": { "line": 114, "column": null }
            },
            "41": {
                "start": { "line": 115, "column": 12 },
                "end": { "line": 117, "column": null }
            },
            "42": {
                "start": { "line": 121, "column": 4 },
                "end": { "line": 236, "column": null }
            },
            "43": {
                "start": { "line": 123, "column": 46 },
                "end": { "line": 235, "column": null }
            },
            "44": {
                "start": { "line": 124, "column": 12 },
                "end": { "line": 234, "column": 13 }
            },
            "45": {
                "start": { "line": 125, "column": 34 },
                "end": { "line": 125, "column": 58 }
            },
            "46": {
                "start": { "line": 127, "column": 16 },
                "end": { "line": 129, "column": 17 }
            },
            "47": {
                "start": { "line": 128, "column": 20 },
                "end": { "line": 128, "column": null }
            },
            "48": {
                "start": { "line": 131, "column": 33 },
                "end": { "line": 131, "column": 58 }
            },
            "49": {
                "start": { "line": 132, "column": 16 },
                "end": { "line": 132, "column": null }
            },
            "50": {
                "start": { "line": 134, "column": 16 },
                "end": { "line": 136, "column": 17 }
            },
            "51": {
                "start": { "line": 135, "column": 20 },
                "end": { "line": 135, "column": null }
            },
            "52": {
                "start": { "line": 138, "column": 16 },
                "end": { "line": 138, "column": null }
            },
            "53": {
                "start": { "line": 140, "column": 30 },
                "end": { "line": 141, "column": null }
            },
            "54": {
                "start": { "line": 141, "column": 20 },
                "end": { "line": 141, "column": 44 }
            },
            "55": {
                "start": { "line": 143, "column": 39 },
                "end": { "line": 143, "column": 54 }
            },
            "56": {
                "start": { "line": 144, "column": 16 },
                "end": { "line": 144, "column": null }
            },
            "57": {
                "start": { "line": 146, "column": 40 },
                "end": { "line": 146, "column": 69 }
            },
            "58": {
                "start": { "line": 147, "column": 16 },
                "end": { "line": 154, "column": 17 }
            },
            "59": {
                "start": { "line": 149, "column": 20 },
                "end": { "line": 153, "column": null }
            },
            "60": {
                "start": { "line": 155, "column": 16 },
                "end": { "line": 155, "column": null }
            },
            "61": {
                "start": { "line": 157, "column": 16 },
                "end": { "line": 157, "column": null }
            },
            "62": {
                "start": { "line": 159, "column": 34 },
                "end": { "line": 161, "column": 28 }
            },
            "63": {
                "start": { "line": 162, "column": 16 },
                "end": { "line": 162, "column": null }
            },
            "64": {
                "start": { "line": 163, "column": 16 },
                "end": { "line": 163, "column": null }
            },
            "65": {
                "start": { "line": 165, "column": 28 },
                "end": { "line": 165, "column": 64 }
            },
            "66": {
                "start": { "line": 167, "column": 16 },
                "end": { "line": 169, "column": 17 }
            },
            "67": {
                "start": { "line": 168, "column": 20 },
                "end": { "line": 168, "column": null }
            },
            "68": {
                "start": { "line": 172, "column": 20 },
                "end": { "line": 172, "column": 70 }
            },
            "69": {
                "start": { "line": 173, "column": 16 },
                "end": { "line": 173, "column": null }
            },
            "70": {
                "start": { "line": 174, "column": 16 },
                "end": { "line": 174, "column": null }
            },
            "71": {
                "start": { "line": 177, "column": 49 },
                "end": { "line": 182, "column": null }
            },
            "72": {
                "start": { "line": 185, "column": 20 },
                "end": { "line": 186, "column": null }
            },
            "73": {
                "start": { "line": 189, "column": 39 },
                "end": { "line": 195, "column": null }
            },
            "74": {
                "start": { "line": 198, "column": 16 },
                "end": { "line": 198, "column": null }
            },
            "75": {
                "start": { "line": 199, "column": 16 },
                "end": { "line": 199, "column": null }
            },
            "76": {
                "start": { "line": 201, "column": 16 },
                "end": { "line": 228, "column": 17 }
            },
            "77": {
                "start": { "line": 203, "column": 37 },
                "end": { "line": 206, "column": null }
            },
            "78": {
                "start": { "line": 208, "column": 20 },
                "end": { "line": 211, "column": null }
            },
            "79": {
                "start": { "line": 213, "column": 20 },
                "end": { "line": 213, "column": null }
            },
            "80": {
                "start": { "line": 215, "column": 20 },
                "end": { "line": 227, "column": 21 }
            },
            "81": {
                "start": { "line": 216, "column": 24 },
                "end": { "line": 219, "column": null }
            },
            "82": {
                "start": { "line": 220, "column": 24 },
                "end": { "line": 220, "column": null }
            },
            "83": {
                "start": { "line": 222, "column": 24 },
                "end": { "line": 225, "column": null }
            },
            "84": {
                "start": { "line": 226, "column": 24 },
                "end": { "line": 226, "column": null }
            },
            "85": {
                "start": { "line": 230, "column": 16 },
                "end": { "line": 230, "column": null }
            },
            "86": {
                "start": { "line": 231, "column": 16 },
                "end": { "line": 233, "column": null }
            },
            "87": {
                "start": { "line": 245, "column": 28 },
                "end": { "line": 245, "column": 30 }
            },
            "88": {
                "start": { "line": 247, "column": 8 },
                "end": { "line": 271, "column": 9 }
            },
            "89": {
                "start": { "line": 248, "column": 25 },
                "end": { "line": 248, "column": 43 }
            },
            "90": {
                "start": { "line": 249, "column": 24 },
                "end": { "line": 249, "column": 27 }
            },
            "91": {
                "start": { "line": 250, "column": 24 },
                "end": { "line": 250, "column": 28 }
            },
            "92": {
                "start": { "line": 252, "column": 12 },
                "end": { "line": 259, "column": 13 }
            },
            "93": {
                "start": { "line": 253, "column": 16 },
                "end": { "line": 258, "column": 17 }
            },
            "94": {
                "start": { "line": 254, "column": 20 },
                "end": { "line": 254, "column": null }
            },
            "95": {
                "start": { "line": 256, "column": 20 },
                "end": { "line": 256, "column": null }
            },
            "96": {
                "start": { "line": 257, "column": 20 },
                "end": { "line": 257, "column": 25 }
            },
            "97": {
                "start": { "line": 261, "column": 12 },
                "end": { "line": 270, "column": 13 }
            },
            "98": {
                "start": { "line": 262, "column": 30 },
                "end": { "line": 262, "column": 36 }
            },
            "99": {
                "start": { "line": 263, "column": 16 },
                "end": { "line": 268, "column": 17 }
            },
            "100": {
                "start": { "line": 263, "column": 29 },
                "end": { "line": 263, "column": 30 }
            },
            "101": {
                "start": { "line": 264, "column": 20 },
                "end": { "line": 266, "column": 21 }
            },
            "102": {
                "start": { "line": 265, "column": 24 },
                "end": { "line": 265, "column": null }
            },
            "103": {
                "start": { "line": 267, "column": 20 },
                "end": { "line": 267, "column": null }
            },
            "104": {
                "start": { "line": 269, "column": 16 },
                "end": { "line": 269, "column": null }
            },
            "105": {
                "start": { "line": 273, "column": 8 },
                "end": { "line": 273, "column": null }
            },
            "106": {
                "start": { "line": 276, "column": 4 },
                "end": { "line": 342, "column": null }
            },
            "107": {
                "start": { "line": 276, "column": 74 },
                "end": { "line": 342, "column": 6 }
            },
            "108": {
                "start": { "line": 277, "column": 27 },
                "end": { "line": 277, "column": 35 }
            },
            "109": {
                "start": { "line": 282, "column": 21 },
                "end": { "line": 282, "column": 43 }
            },
            "110": {
                "start": { "line": 283, "column": 8 },
                "end": { "line": 285, "column": 9 }
            },
            "111": {
                "start": { "line": 284, "column": 12 },
                "end": { "line": 284, "column": null }
            },
            "112": {
                "start": { "line": 287, "column": 28 },
                "end": { "line": 287, "column": 61 }
            },
            "113": {
                "start": { "line": 289, "column": 8 },
                "end": { "line": 291, "column": 9 }
            },
            "114": {
                "start": { "line": 290, "column": 12 },
                "end": { "line": 290, "column": null }
            },
            "115": {
                "start": { "line": 294, "column": 12 },
                "end": { "line": 294, "column": 60 }
            },
            "116": {
                "start": { "line": 297, "column": 12 },
                "end": { "line": 297, "column": 72 }
            },
            "117": {
                "start": { "line": 299, "column": 30 },
                "end": { "line": 299, "column": 32 }
            },
            "118": {
                "start": { "line": 301, "column": 8 },
                "end": { "line": 306, "column": 9 }
            },
            "119": {
                "start": { "line": 305, "column": 12 },
                "end": { "line": 305, "column": null }
            },
            "120": {
                "start": { "line": 308, "column": 22 },
                "end": { "line": 308, "column": 77 }
            },
            "121": {
                "start": { "line": 309, "column": 21 },
                "end": { "line": 309, "column": 42 }
            },
            "122": {
                "start": { "line": 311, "column": 29 },
                "end": { "line": 335, "column": null }
            },
            "123": {
                "start": { "line": 336, "column": 8 },
                "end": { "line": 336, "column": null }
            },
            "124": {
                "start": { "line": 337, "column": 28 },
                "end": { "line": 337, "column": 40 }
            },
            "125": {
                "start": { "line": 339, "column": 8 },
                "end": { "line": 339, "column": null }
            },
            "126": {
                "start": { "line": 341, "column": 8 },
                "end": { "line": 341, "column": null }
            },
            "127": {
                "start": { "line": 345, "column": 4 },
                "end": { "line": 388, "column": null }
            },
            "128": {
                "start": { "line": 345, "column": 69 },
                "end": { "line": 388, "column": 6 }
            },
            "129": {
                "start": { "line": 346, "column": 25 },
                "end": { "line": 346, "column": 33 }
            },
            "130": {
                "start": { "line": 348, "column": 23 },
                "end": { "line": 348, "column": 46 }
            },
            "131": {
                "start": { "line": 350, "column": 8 },
                "end": { "line": 352, "column": 9 }
            },
            "132": {
                "start": { "line": 351, "column": 12 },
                "end": { "line": 351, "column": null }
            },
            "133": {
                "start": { "line": 354, "column": 8 },
                "end": { "line": 354, "column": null }
            },
            "134": {
                "start": { "line": 356, "column": 27 },
                "end": { "line": 356, "column": 55 }
            },
            "135": {
                "start": { "line": 357, "column": 26 },
                "end": { "line": 357, "column": 53 }
            },
            "136": {
                "start": { "line": 358, "column": 22 },
                "end": { "line": 358, "column": 34 }
            },
            "137": {
                "start": { "line": 360, "column": 8 },
                "end": { "line": 387, "column": 9 }
            },
            "138": {
                "start": { "line": 362, "column": 27 },
                "end": { "line": 367, "column": null }
            },
            "139": {
                "start": { "line": 370, "column": 34 },
                "end": { "line": 370, "column": 58 }
            },
            "140": {
                "start": { "line": 372, "column": 12 },
                "end": { "line": 374, "column": 13 }
            },
            "141": {
                "start": { "line": 373, "column": 16 },
                "end": { "line": 373, "column": null }
            },
            "142": {
                "start": { "line": 377, "column": 12 },
                "end": { "line": 380, "column": null }
            },
            "143": {
                "start": { "line": 383, "column": 12 },
                "end": { "line": 383, "column": null }
            },
            "144": {
                "start": { "line": 384, "column": 12 },
                "end": { "line": 386, "column": null }
            },
            "145": {
                "start": { "line": 390, "column": 4 },
                "end": { "line": 412, "column": null }
            },
            "146": {
                "start": { "line": 390, "column": 67 },
                "end": { "line": 412, "column": 6 }
            },
            "147": {
                "start": { "line": 391, "column": 34 },
                "end": { "line": 391, "column": 42 }
            },
            "148": {
                "start": { "line": 393, "column": 8 },
                "end": { "line": 411, "column": 9 }
            },
            "149": {
                "start": { "line": 394, "column": 25 },
                "end": { "line": 394, "column": 56 }
            },
            "150": {
                "start": { "line": 395, "column": 32 },
                "end": { "line": 395, "column": 54 }
            },
            "151": {
                "start": { "line": 397, "column": 12 },
                "end": { "line": 399, "column": 13 }
            },
            "152": {
                "start": { "line": 398, "column": 16 },
                "end": { "line": 398, "column": null }
            },
            "153": {
                "start": { "line": 401, "column": 12 },
                "end": { "line": 404, "column": null }
            },
            "154": {
                "start": { "line": 407, "column": 12 },
                "end": { "line": 407, "column": null }
            },
            "155": {
                "start": { "line": 408, "column": 12 },
                "end": { "line": 410, "column": null }
            },
            "156": {
                "start": { "line": 414, "column": 4 },
                "end": { "line": 429, "column": null }
            },
            "157": {
                "start": { "line": 414, "column": 73 },
                "end": { "line": 429, "column": 6 }
            },
            "158": {
                "start": { "line": 415, "column": 8 },
                "end": { "line": 428, "column": 9 }
            },
            "159": {
                "start": { "line": 416, "column": 27 },
                "end": { "line": 416, "column": 51 }
            },
            "160": {
                "start": { "line": 418, "column": 12 },
                "end": { "line": 420, "column": 13 }
            },
            "161": {
                "start": { "line": 419, "column": 16 },
                "end": { "line": 419, "column": null }
            },
            "162": {
                "start": { "line": 421, "column": 12 },
                "end": { "line": 421, "column": null }
            },
            "163": {
                "start": { "line": 424, "column": 12 },
                "end": { "line": 424, "column": null }
            },
            "164": {
                "start": { "line": 425, "column": 12 },
                "end": { "line": 427, "column": null }
            },
            "165": {
                "start": { "line": 431, "column": 4 },
                "end": { "line": 456, "column": null }
            },
            "166": {
                "start": { "line": 431, "column": 74 },
                "end": { "line": 456, "column": 6 }
            },
            "167": {
                "start": { "line": 432, "column": 31 },
                "end": { "line": 432, "column": 39 }
            },
            "168": {
                "start": { "line": 434, "column": 8 },
                "end": { "line": 455, "column": 9 }
            },
            "169": {
                "start": { "line": 436, "column": 27 },
                "end": { "line": 436, "column": 54 }
            },
            "170": {
                "start": { "line": 438, "column": 12 },
                "end": { "line": 440, "column": 13 }
            },
            "171": {
                "start": { "line": 439, "column": 16 },
                "end": { "line": 439, "column": null }
            },
            "172": {
                "start": { "line": 442, "column": 12 },
                "end": { "line": 442, "column": null }
            },
            "173": {
                "start": { "line": 445, "column": 12 },
                "end": { "line": 448, "column": null }
            },
            "174": {
                "start": { "line": 451, "column": 12 },
                "end": { "line": 451, "column": null }
            },
            "175": {
                "start": { "line": 452, "column": 12 },
                "end": { "line": 454, "column": null }
            },
            "176": {
                "start": { "line": 458, "column": 4 },
                "end": { "line": 473, "column": null }
            },
            "177": {
                "start": { "line": 458, "column": 71 },
                "end": { "line": 473, "column": 6 }
            },
            "178": {
                "start": { "line": 459, "column": 8 },
                "end": { "line": 472, "column": 9 }
            },
            "179": {
                "start": { "line": 460, "column": 25 },
                "end": { "line": 460, "column": 47 }
            },
            "180": {
                "start": { "line": 462, "column": 12 },
                "end": { "line": 464, "column": 13 }
            },
            "181": {
                "start": { "line": 463, "column": 16 },
                "end": { "line": 463, "column": null }
            },
            "182": {
                "start": { "line": 465, "column": 12 },
                "end": { "line": 465, "column": null }
            },
            "183": {
                "start": { "line": 468, "column": 12 },
                "end": { "line": 468, "column": null }
            },
            "184": {
                "start": { "line": 469, "column": 12 },
                "end": { "line": 471, "column": null }
            },
            "185": {
                "start": { "line": 475, "column": 4 },
                "end": { "line": 500, "column": null }
            },
            "186": {
                "start": { "line": 475, "column": 72 },
                "end": { "line": 500, "column": 6 }
            },
            "187": {
                "start": { "line": 476, "column": 27 },
                "end": { "line": 476, "column": 35 }
            },
            "188": {
                "start": { "line": 478, "column": 8 },
                "end": { "line": 499, "column": 9 }
            },
            "189": {
                "start": { "line": 480, "column": 25 },
                "end": { "line": 480, "column": 46 }
            },
            "190": {
                "start": { "line": 482, "column": 12 },
                "end": { "line": 484, "column": 13 }
            },
            "191": {
                "start": { "line": 483, "column": 16 },
                "end": { "line": 483, "column": null }
            },
            "192": {
                "start": { "line": 486, "column": 12 },
                "end": { "line": 486, "column": null }
            },
            "193": {
                "start": { "line": 489, "column": 12 },
                "end": { "line": 492, "column": null }
            },
            "194": {
                "start": { "line": 495, "column": 12 },
                "end": { "line": 495, "column": null }
            },
            "195": {
                "start": { "line": 496, "column": 12 },
                "end": { "line": 498, "column": null }
            },
            "196": {
                "start": { "line": 502, "column": 4 },
                "end": { "line": 537, "column": null }
            },
            "197": {
                "start": { "line": 504, "column": 46 },
                "end": { "line": 536, "column": null }
            },
            "198": {
                "start": { "line": 505, "column": 44 },
                "end": { "line": 505, "column": 52 }
            },
            "199": {
                "start": { "line": 507, "column": 30 },
                "end": { "line": 507, "column": 54 }
            },
            "200": {
                "start": { "line": 509, "column": 12 },
                "end": { "line": 511, "column": 13 }
            },
            "201": {
                "start": { "line": 510, "column": 16 },
                "end": { "line": 510, "column": null }
            },
            "202": {
                "start": { "line": 513, "column": 12 },
                "end": { "line": 535, "column": 13 }
            },
            "203": {
                "start": { "line": 516, "column": 20 },
                "end": { "line": 519, "column": null }
            },
            "204": {
                "start": { "line": 523, "column": 16 },
                "end": { "line": 526, "column": null }
            },
            "205": {
                "start": { "line": 529, "column": 16 },
                "end": { "line": 531, "column": null }
            },
            "206": {
                "start": { "line": 532, "column": 16 },
                "end": { "line": 534, "column": null }
            },
            "207": {
                "start": { "line": 539, "column": 4 },
                "end": { "line": 572, "column": null }
            },
            "208": {
                "start": { "line": 539, "column": 73 },
                "end": { "line": 572, "column": 6 }
            },
            "209": {
                "start": { "line": 541, "column": 12 },
                "end": { "line": 541, "column": 20 }
            },
            "210": {
                "start": { "line": 543, "column": 26 },
                "end": { "line": 543, "column": 50 }
            },
            "211": {
                "start": { "line": 545, "column": 8 },
                "end": { "line": 547, "column": 9 }
            },
            "212": {
                "start": { "line": 546, "column": 12 },
                "end": { "line": 546, "column": null }
            },
            "213": {
                "start": { "line": 549, "column": 8 },
                "end": { "line": 571, "column": 9 }
            },
            "214": {
                "start": { "line": 551, "column": 31 },
                "end": { "line": 557, "column": null }
            },
            "215": {
                "start": { "line": 561, "column": 12 },
                "end": { "line": 564, "column": null }
            },
            "216": {
                "start": { "line": 567, "column": 12 },
                "end": { "line": 567, "column": null }
            },
            "217": {
                "start": { "line": 568, "column": 12 },
                "end": { "line": 570, "column": null }
            },
            "218": {
                "start": { "line": 574, "column": 4 },
                "end": { "line": 639, "column": null }
            },
            "219": {
                "start": { "line": 574, "column": 61 },
                "end": { "line": 639, "column": 6 }
            },
            "220": {
                "start": { "line": 575, "column": 58 },
                "end": { "line": 575, "column": 66 }
            },
            "221": {
                "start": { "line": 577, "column": 8 },
                "end": { "line": 638, "column": 9 }
            },
            "222": {
                "start": { "line": 579, "column": 12 },
                "end": { "line": 581, "column": 13 }
            },
            "223": {
                "start": { "line": 580, "column": 16 },
                "end": { "line": 580, "column": null }
            },
            "224": {
                "start": { "line": 582, "column": 12 },
                "end": { "line": 632, "column": 13 }
            },
            "225": {
                "start": { "line": 588, "column": 34 },
                "end": { "line": 588, "column": 58 }
            },
            "226": {
                "start": { "line": 590, "column": 16 },
                "end": { "line": 592, "column": 17 }
            },
            "227": {
                "start": { "line": 591, "column": 20 },
                "end": { "line": 591, "column": null }
            },
            "228": {
                "start": { "line": 594, "column": 31 },
                "end": { "line": 594, "column": 73 }
            },
            "229": {
                "start": { "line": 596, "column": 16 },
                "end": { "line": 598, "column": 17 }
            },
            "230": {
                "start": { "line": 597, "column": 20 },
                "end": { "line": 597, "column": null }
            },
            "231": {
                "start": { "line": 600, "column": 35 },
                "end": { "line": 600, "column": 80 }
            },
            "232": {
                "start": { "line": 601, "column": 34 },
                "end": { "line": 601, "column": 77 }
            },
            "233": {
                "start": { "line": 602, "column": 42 },
                "end": { "line": 602, "column": 56 }
            },
            "234": {
                "start": { "line": 604, "column": 30 },
                "end": { "line": 608, "column": null }
            },
            "235": {
                "start": { "line": 610, "column": 34 },
                "end": { "line": 614, "column": null }
            },
            "236": {
                "start": { "line": 615, "column": 38 },
                "end": { "line": 615, "column": 78 }
            },
            "237": {
                "start": { "line": 617, "column": 16 },
                "end": { "line": 621, "column": 17 }
            },
            "238": {
                "start": { "line": 618, "column": 37 },
                "end": { "line": 618, "column": 80 }
            },
            "239": {
                "start": { "line": 619, "column": 20 },
                "end": { "line": 619, "column": null }
            },
            "240": {
                "start": { "line": 620, "column": 20 },
                "end": { "line": 620, "column": null }
            },
            "241": {
                "start": { "line": 622, "column": 19 },
                "end": { "line": 632, "column": 13 }
            },
            "242": {
                "start": { "line": 626, "column": 16 },
                "end": { "line": 626, "column": null }
            },
            "243": {
                "start": { "line": 627, "column": 19 },
                "end": { "line": 632, "column": 13 }
            },
            "244": {
                "start": { "line": 631, "column": 16 },
                "end": { "line": 631, "column": null }
            },
            "245": {
                "start": { "line": 634, "column": 12 },
                "end": { "line": 634, "column": null }
            },
            "246": {
                "start": { "line": 635, "column": 12 },
                "end": { "line": 637, "column": null }
            },
            "247": {
                "start": { "line": 641, "column": 4 },
                "end": { "line": 662, "column": null }
            },
            "248": {
                "start": { "line": 643, "column": 46 },
                "end": { "line": 661, "column": null }
            },
            "249": {
                "start": { "line": 644, "column": 33 },
                "end": { "line": 644, "column": 46 }
            },
            "250": {
                "start": { "line": 646, "column": 12 },
                "end": { "line": 660, "column": 13 }
            },
            "251": {
                "start": { "line": 648, "column": 20 },
                "end": { "line": 648, "column": 67 }
            },
            "252": {
                "start": { "line": 650, "column": 16 },
                "end": { "line": 654, "column": 17 }
            },
            "253": {
                "start": { "line": 651, "column": 20 },
                "end": { "line": 653, "column": null }
            },
            "254": {
                "start": { "line": 656, "column": 16 },
                "end": { "line": 656, "column": null }
            },
            "255": {
                "start": { "line": 658, "column": 16 },
                "end": { "line": 658, "column": null }
            },
            "256": {
                "start": { "line": 659, "column": 16 },
                "end": { "line": 659, "column": null }
            },
            "257": {
                "start": { "line": 664, "column": 4 },
                "end": { "line": 679, "column": null }
            },
            "258": {
                "start": { "line": 664, "column": 70 },
                "end": { "line": 679, "column": 6 }
            },
            "259": {
                "start": { "line": 665, "column": 26 },
                "end": { "line": 665, "column": 40 }
            },
            "260": {
                "start": { "line": 667, "column": 8 },
                "end": { "line": 678, "column": 9 }
            },
            "261": {
                "start": { "line": 668, "column": 27 },
                "end": { "line": 668, "column": 59 }
            },
            "262": {
                "start": { "line": 670, "column": 12 },
                "end": { "line": 672, "column": 13 }
            },
            "263": {
                "start": { "line": 671, "column": 16 },
                "end": { "line": 671, "column": null }
            },
            "264": {
                "start": { "line": 674, "column": 12 },
                "end": { "line": 674, "column": null }
            },
            "265": {
                "start": { "line": 676, "column": 12 },
                "end": { "line": 676, "column": null }
            },
            "266": {
                "start": { "line": 677, "column": 12 },
                "end": { "line": 677, "column": null }
            },
            "267": {
                "start": { "line": 681, "column": 4 },
                "end": { "line": 705, "column": null }
            },
            "268": {
                "start": { "line": 683, "column": 46 },
                "end": { "line": 704, "column": null }
            },
            "269": {
                "start": { "line": 684, "column": 58 },
                "end": { "line": 684, "column": 68 }
            },
            "270": {
                "start": { "line": 686, "column": 12 },
                "end": { "line": 703, "column": 13 }
            },
            "271": {
                "start": { "line": 688, "column": 20 },
                "end": { "line": 690, "column": null }
            },
            "272": {
                "start": { "line": 693, "column": 16 },
                "end": { "line": 697, "column": 17 }
            },
            "273": {
                "start": { "line": 694, "column": 20 },
                "end": { "line": 696, "column": null }
            },
            "274": {
                "start": { "line": 699, "column": 16 },
                "end": { "line": 699, "column": null }
            },
            "275": {
                "start": { "line": 701, "column": 16 },
                "end": { "line": 701, "column": null }
            },
            "276": {
                "start": { "line": 702, "column": 16 },
                "end": { "line": 702, "column": null }
            },
            "277": {
                "start": { "line": 707, "column": 4 },
                "end": { "line": 720, "column": null }
            },
            "278": {
                "start": { "line": 707, "column": 70 },
                "end": { "line": 720, "column": 6 }
            },
            "279": {
                "start": { "line": 708, "column": 8 },
                "end": { "line": 719, "column": 9 }
            },
            "280": {
                "start": { "line": 709, "column": 31 },
                "end": { "line": 709, "column": 52 }
            },
            "281": {
                "start": { "line": 711, "column": 12 },
                "end": { "line": 713, "column": 13 }
            },
            "282": {
                "start": { "line": 712, "column": 16 },
                "end": { "line": 712, "column": null }
            },
            "283": {
                "start": { "line": 715, "column": 12 },
                "end": { "line": 715, "column": null }
            },
            "284": {
                "start": { "line": 717, "column": 12 },
                "end": { "line": 717, "column": null }
            },
            "285": {
                "start": { "line": 718, "column": 12 },
                "end": { "line": 718, "column": null }
            },
            "286": {
                "start": { "line": 722, "column": 4 },
                "end": { "line": 735, "column": null }
            },
            "287": {
                "start": { "line": 722, "column": 68 },
                "end": { "line": 735, "column": 6 }
            },
            "288": {
                "start": { "line": 723, "column": 8 },
                "end": { "line": 734, "column": 9 }
            },
            "289": {
                "start": { "line": 724, "column": 29 },
                "end": { "line": 724, "column": 48 }
            },
            "290": {
                "start": { "line": 726, "column": 12 },
                "end": { "line": 728, "column": 13 }
            },
            "291": {
                "start": { "line": 727, "column": 16 },
                "end": { "line": 727, "column": null }
            },
            "292": {
                "start": { "line": 730, "column": 12 },
                "end": { "line": 730, "column": null }
            },
            "293": {
                "start": { "line": 732, "column": 12 },
                "end": { "line": 732, "column": null }
            },
            "294": {
                "start": { "line": 733, "column": 12 },
                "end": { "line": 733, "column": null }
            },
            "295": {
                "start": { "line": 738, "column": 0 },
                "end": { "line": 738, "column": null }
            }
        },
        "fnMap": {
            "0": {
                "name": "routes",
                "decl": {
                    "start": { "line": 45, "column": 9 },
                    "end": { "line": 45, "column": 15 }
                },
                "loc": {
                    "start": { "line": 45, "column": 28 },
                    "end": { "line": 736, "column": 1 }
                }
            },
            "1": {
                "name": "(anonymous_9)",
                "decl": {
                    "start": { "line": 46, "column": 23 },
                    "end": { "line": 46, "column": 24 }
                },
                "loc": {
                    "start": { "line": 46, "column": 55 },
                    "end": { "line": 49, "column": 5 }
                }
            },
            "2": {
                "name": "(anonymous_10)",
                "decl": {
                    "start": { "line": 52, "column": 33 },
                    "end": { "line": 52, "column": 40 }
                },
                "loc": {
                    "start": { "line": 52, "column": 71 },
                    "end": { "line": 119, "column": 6 }
                }
            },
            "3": {
                "name": "(anonymous_11)",
                "decl": {
                    "start": { "line": 52, "column": 71 },
                    "end": { "line": 52, "column": null }
                },
                "loc": {
                    "start": { "line": 52, "column": 71 },
                    "end": { "line": 119, "column": 5 }
                }
            },
            "4": {
                "name": "(anonymous_12)",
                "decl": {
                    "start": { "line": 68, "column": 21 },
                    "end": { "line": 68, "column": 22 }
                },
                "loc": {
                    "start": { "line": 68, "column": 31 },
                    "end": { "line": 68, "column": 55 }
                }
            },
            "5": {
                "name": "(anonymous_13)",
                "decl": {
                    "start": { "line": 123, "column": 8 },
                    "end": { "line": 123, "column": 15 }
                },
                "loc": {
                    "start": { "line": 123, "column": 46 },
                    "end": { "line": 235, "column": null }
                }
            },
            "6": {
                "name": "(anonymous_14)",
                "decl": {
                    "start": { "line": 123, "column": 46 },
                    "end": { "line": 123, "column": null }
                },
                "loc": {
                    "start": { "line": 123, "column": 46 },
                    "end": { "line": 235, "column": 9 }
                }
            },
            "7": {
                "name": "(anonymous_15)",
                "decl": {
                    "start": { "line": 140, "column": 56 },
                    "end": { "line": 140, "column": 57 }
                },
                "loc": {
                    "start": { "line": 141, "column": 20 },
                    "end": { "line": 141, "column": 44 }
                }
            },
            "8": {
                "name": "findValues",
                "decl": {
                    "start": { "line": 243, "column": 13 },
                    "end": { "line": 243, "column": 23 }
                },
                "loc": {
                    "start": { "line": 243, "column": 54 },
                    "end": { "line": 274, "column": 5 }
                }
            },
            "9": {
                "name": "(anonymous_17)",
                "decl": {
                    "start": { "line": 276, "column": 36 },
                    "end": { "line": 276, "column": 43 }
                },
                "loc": {
                    "start": { "line": 276, "column": 74 },
                    "end": { "line": 342, "column": 6 }
                }
            },
            "10": {
                "name": "(anonymous_18)",
                "decl": {
                    "start": { "line": 276, "column": 74 },
                    "end": { "line": 276, "column": null }
                },
                "loc": {
                    "start": { "line": 276, "column": 74 },
                    "end": { "line": 342, "column": 5 }
                }
            },
            "11": {
                "name": "(anonymous_19)",
                "decl": {
                    "start": { "line": 345, "column": 31 },
                    "end": { "line": 345, "column": 38 }
                },
                "loc": {
                    "start": { "line": 345, "column": 69 },
                    "end": { "line": 388, "column": 6 }
                }
            },
            "12": {
                "name": "(anonymous_20)",
                "decl": {
                    "start": { "line": 345, "column": 69 },
                    "end": { "line": 345, "column": null }
                },
                "loc": {
                    "start": { "line": 345, "column": 69 },
                    "end": { "line": 388, "column": 5 }
                }
            },
            "13": {
                "name": "(anonymous_21)",
                "decl": {
                    "start": { "line": 390, "column": 29 },
                    "end": { "line": 390, "column": 36 }
                },
                "loc": {
                    "start": { "line": 390, "column": 67 },
                    "end": { "line": 412, "column": 6 }
                }
            },
            "14": {
                "name": "(anonymous_22)",
                "decl": {
                    "start": { "line": 390, "column": 67 },
                    "end": { "line": 390, "column": null }
                },
                "loc": {
                    "start": { "line": 390, "column": 67 },
                    "end": { "line": 412, "column": 5 }
                }
            },
            "15": {
                "name": "(anonymous_23)",
                "decl": {
                    "start": { "line": 414, "column": 35 },
                    "end": { "line": 414, "column": 42 }
                },
                "loc": {
                    "start": { "line": 414, "column": 73 },
                    "end": { "line": 429, "column": 6 }
                }
            },
            "16": {
                "name": "(anonymous_24)",
                "decl": {
                    "start": { "line": 414, "column": 73 },
                    "end": { "line": 414, "column": null }
                },
                "loc": {
                    "start": { "line": 414, "column": 73 },
                    "end": { "line": 429, "column": 5 }
                }
            },
            "17": {
                "name": "(anonymous_25)",
                "decl": {
                    "start": { "line": 431, "column": 36 },
                    "end": { "line": 431, "column": 43 }
                },
                "loc": {
                    "start": { "line": 431, "column": 74 },
                    "end": { "line": 456, "column": 6 }
                }
            },
            "18": {
                "name": "(anonymous_26)",
                "decl": {
                    "start": { "line": 431, "column": 74 },
                    "end": { "line": 431, "column": null }
                },
                "loc": {
                    "start": { "line": 431, "column": 74 },
                    "end": { "line": 456, "column": 5 }
                }
            },
            "19": {
                "name": "(anonymous_27)",
                "decl": {
                    "start": { "line": 458, "column": 33 },
                    "end": { "line": 458, "column": 40 }
                },
                "loc": {
                    "start": { "line": 458, "column": 71 },
                    "end": { "line": 473, "column": 6 }
                }
            },
            "20": {
                "name": "(anonymous_28)",
                "decl": {
                    "start": { "line": 458, "column": 71 },
                    "end": { "line": 458, "column": null }
                },
                "loc": {
                    "start": { "line": 458, "column": 71 },
                    "end": { "line": 473, "column": 5 }
                }
            },
            "21": {
                "name": "(anonymous_29)",
                "decl": {
                    "start": { "line": 475, "column": 34 },
                    "end": { "line": 475, "column": 41 }
                },
                "loc": {
                    "start": { "line": 475, "column": 72 },
                    "end": { "line": 500, "column": 6 }
                }
            },
            "22": {
                "name": "(anonymous_30)",
                "decl": {
                    "start": { "line": 475, "column": 72 },
                    "end": { "line": 475, "column": null }
                },
                "loc": {
                    "start": { "line": 475, "column": 72 },
                    "end": { "line": 500, "column": 5 }
                }
            },
            "23": {
                "name": "(anonymous_31)",
                "decl": {
                    "start": { "line": 504, "column": 8 },
                    "end": { "line": 504, "column": 15 }
                },
                "loc": {
                    "start": { "line": 504, "column": 46 },
                    "end": { "line": 536, "column": null }
                }
            },
            "24": {
                "name": "(anonymous_32)",
                "decl": {
                    "start": { "line": 504, "column": 46 },
                    "end": { "line": 504, "column": null }
                },
                "loc": {
                    "start": { "line": 504, "column": 46 },
                    "end": { "line": 536, "column": 9 }
                }
            },
            "25": {
                "name": "(anonymous_33)",
                "decl": {
                    "start": { "line": 539, "column": 35 },
                    "end": { "line": 539, "column": 42 }
                },
                "loc": {
                    "start": { "line": 539, "column": 73 },
                    "end": { "line": 572, "column": 6 }
                }
            },
            "26": {
                "name": "(anonymous_34)",
                "decl": {
                    "start": { "line": 539, "column": 73 },
                    "end": { "line": 539, "column": null }
                },
                "loc": {
                    "start": { "line": 539, "column": 73 },
                    "end": { "line": 572, "column": 5 }
                }
            },
            "27": {
                "name": "(anonymous_35)",
                "decl": {
                    "start": { "line": 574, "column": 23 },
                    "end": { "line": 574, "column": 30 }
                },
                "loc": {
                    "start": { "line": 574, "column": 61 },
                    "end": { "line": 639, "column": 6 }
                }
            },
            "28": {
                "name": "(anonymous_36)",
                "decl": {
                    "start": { "line": 574, "column": 61 },
                    "end": { "line": 574, "column": null }
                },
                "loc": {
                    "start": { "line": 574, "column": 61 },
                    "end": { "line": 639, "column": 5 }
                }
            },
            "29": {
                "name": "(anonymous_37)",
                "decl": {
                    "start": { "line": 643, "column": 8 },
                    "end": { "line": 643, "column": 15 }
                },
                "loc": {
                    "start": { "line": 643, "column": 46 },
                    "end": { "line": 661, "column": null }
                }
            },
            "30": {
                "name": "(anonymous_38)",
                "decl": {
                    "start": { "line": 643, "column": 46 },
                    "end": { "line": 643, "column": null }
                },
                "loc": {
                    "start": { "line": 643, "column": 46 },
                    "end": { "line": 661, "column": 9 }
                }
            },
            "31": {
                "name": "(anonymous_39)",
                "decl": {
                    "start": { "line": 664, "column": 32 },
                    "end": { "line": 664, "column": 39 }
                },
                "loc": {
                    "start": { "line": 664, "column": 70 },
                    "end": { "line": 679, "column": 6 }
                }
            },
            "32": {
                "name": "(anonymous_40)",
                "decl": {
                    "start": { "line": 664, "column": 70 },
                    "end": { "line": 664, "column": null }
                },
                "loc": {
                    "start": { "line": 664, "column": 70 },
                    "end": { "line": 679, "column": 5 }
                }
            },
            "33": {
                "name": "(anonymous_41)",
                "decl": {
                    "start": { "line": 683, "column": 8 },
                    "end": { "line": 683, "column": 15 }
                },
                "loc": {
                    "start": { "line": 683, "column": 46 },
                    "end": { "line": 704, "column": null }
                }
            },
            "34": {
                "name": "(anonymous_42)",
                "decl": {
                    "start": { "line": 683, "column": 46 },
                    "end": { "line": 683, "column": null }
                },
                "loc": {
                    "start": { "line": 683, "column": 46 },
                    "end": { "line": 704, "column": 9 }
                }
            },
            "35": {
                "name": "(anonymous_43)",
                "decl": {
                    "start": { "line": 707, "column": 32 },
                    "end": { "line": 707, "column": 39 }
                },
                "loc": {
                    "start": { "line": 707, "column": 70 },
                    "end": { "line": 720, "column": 6 }
                }
            },
            "36": {
                "name": "(anonymous_44)",
                "decl": {
                    "start": { "line": 707, "column": 70 },
                    "end": { "line": 707, "column": null }
                },
                "loc": {
                    "start": { "line": 707, "column": 70 },
                    "end": { "line": 720, "column": 5 }
                }
            },
            "37": {
                "name": "(anonymous_45)",
                "decl": {
                    "start": { "line": 722, "column": 30 },
                    "end": { "line": 722, "column": 37 }
                },
                "loc": {
                    "start": { "line": 722, "column": 68 },
                    "end": { "line": 735, "column": 6 }
                }
            },
            "38": {
                "name": "(anonymous_46)",
                "decl": {
                    "start": { "line": 722, "column": 68 },
                    "end": { "line": 722, "column": null }
                },
                "loc": {
                    "start": { "line": 722, "column": 68 },
                    "end": { "line": 735, "column": 5 }
                }
            }
        },
        "branchMap": {
            "0": {
                "loc": {
                    "start": { "line": 58, "column": 28 },
                    "end": { "line": 58, "column": 58 }
                },
                "type": "binary-expr",
                "locations": [
                    {
                        "start": { "line": 58, "column": 28 },
                        "end": { "line": 58, "column": 52 }
                    },
                    {
                        "start": { "line": 58, "column": 56 },
                        "end": { "line": 58, "column": 58 }
                    }
                ]
            },
            "1": {
                "loc": {
                    "start": { "line": 58, "column": 28 },
                    "end": { "line": 58, "column": 52 }
                },
                "type": "cond-expr",
                "locations": [
                    {
                        "start": { "line": 58, "column": 41 },
                        "end": { "line": 58, "column": 43 }
                    },
                    {
                        "start": { "line": 58, "column": 28 },
                        "end": { "line": 58, "column": 52 }
                    }
                ]
            },
            "2": {
                "loc": {
                    "start": { "line": 58, "column": 28 },
                    "end": { "line": 58, "column": 43 }
                },
                "type": "binary-expr",
                "locations": [
                    {
                        "start": { "line": 58, "column": 28 },
                        "end": { "line": 58, "column": 43 }
                    },
                    {
                        "start": { "line": 58, "column": 28 },
                        "end": { "line": 58, "column": 43 }
                    }
                ]
            },
            "3": {
                "loc": {
                    "start": { "line": 60, "column": 12 },
                    "end": { "line": 62, "column": 13 }
                },
                "type": "if",
                "locations": [
                    {
                        "start": { "line": 60, "column": 12 },
                        "end": { "line": 62, "column": 13 }
                    }
                ]
            },
            "4": {
                "loc": {
                    "start": { "line": 73, "column": 12 },
                    "end": { "line": 80, "column": 13 }
                },
                "type": "if",
                "locations": [
                    {
                        "start": { "line": 73, "column": 12 },
                        "end": { "line": 80, "column": 13 }
                    }
                ]
            },
            "5": {
                "loc": {
                    "start": { "line": 103, "column": 12 },
                    "end": { "line": 112, "column": 13 }
                },
                "type": "if",
                "locations": [
                    {
                        "start": { "line": 103, "column": 12 },
                        "end": { "line": 112, "column": 13 }
                    },
                    {
                        "start": { "line": 109, "column": 19 },
                        "end": { "line": 112, "column": 13 }
                    }
                ]
            },
            "6": {
                "loc": {
                    "start": { "line": 127, "column": 16 },
                    "end": { "line": 129, "column": 17 }
                },
                "type": "if",
                "locations": [
                    {
                        "start": { "line": 127, "column": 16 },
                        "end": { "line": 129, "column": 17 }
                    }
                ]
            },
            "7": {
                "loc": {
                    "start": { "line": 131, "column": 33 },
                    "end": { "line": 131, "column": 58 }
                },
                "type": "binary-expr",
                "locations": [
                    {
                        "start": { "line": 131, "column": 33 },
                        "end": { "line": 131, "column": 52 }
                    },
                    {
                        "start": { "line": 131, "column": 56 },
                        "end": { "line": 131, "column": 58 }
                    }
                ]
            },
            "8": {
                "loc": {
                    "start": { "line": 134, "column": 16 },
                    "end": { "line": 136, "column": 17 }
                },
                "type": "if",
                "locations": [
                    {
                        "start": { "line": 134, "column": 16 },
                        "end": { "line": 136, "column": 17 }
                    }
                ]
            },
            "9": {
                "loc": {
                    "start": { "line": 147, "column": 16 },
                    "end": { "line": 154, "column": 17 }
                },
                "type": "if",
                "locations": [
                    {
                        "start": { "line": 147, "column": 16 },
                        "end": { "line": 154, "column": 17 }
                    }
                ]
            },
            "10": {
                "loc": {
                    "start": { "line": 167, "column": 16 },
                    "end": { "line": 169, "column": 17 }
                },
                "type": "if",
                "locations": [
                    {
                        "start": { "line": 167, "column": 16 },
                        "end": { "line": 169, "column": 17 }
                    }
                ]
            },
            "11": {
                "loc": {
                    "start": { "line": 201, "column": 16 },
                    "end": { "line": 228, "column": 17 }
                },
                "type": "if",
                "locations": [
                    {
                        "start": { "line": 201, "column": 16 },
                        "end": { "line": 228, "column": 17 }
                    },
                    {
                        "start": { "line": 214, "column": 23 },
                        "end": { "line": 228, "column": 17 }
                    }
                ]
            },
            "12": {
                "loc": {
                    "start": { "line": 201, "column": 20 },
                    "end": { "line": 201, "column": 69 }
                },
                "type": "binary-expr",
                "locations": [
                    {
                        "start": { "line": 201, "column": 20 },
                        "end": { "line": 201, "column": 43 }
                    },
                    {
                        "start": { "line": 201, "column": 47 },
                        "end": { "line": 201, "column": 69 }
                    }
                ]
            },
            "13": {
                "loc": {
                    "start": { "line": 215, "column": 20 },
                    "end": { "line": 227, "column": 21 }
                },
                "type": "if",
                "locations": [
                    {
                        "start": { "line": 215, "column": 20 },
                        "end": { "line": 227, "column": 21 }
                    },
                    {
                        "start": { "line": 221, "column": 27 },
                        "end": { "line": 227, "column": 21 }
                    }
                ]
            },
            "14": {
                "loc": {
                    "start": { "line": 253, "column": 16 },
                    "end": { "line": 258, "column": 17 }
                },
                "type": "if",
                "locations": [
                    {
                        "start": { "line": 253, "column": 16 },
                        "end": { "line": 258, "column": 17 }
                    },
                    {
                        "start": { "line": 255, "column": 23 },
                        "end": { "line": 258, "column": 17 }
                    }
                ]
            },
            "15": {
                "loc": {
                    "start": { "line": 253, "column": 20 },
                    "end": { "line": 253, "column": 70 }
                },
                "type": "binary-expr",
                "locations": [
                    {
                        "start": { "line": 253, "column": 20 },
                        "end": { "line": 253, "column": 25 }
                    },
                    {
                        "start": { "line": 253, "column": 29 },
                        "end": { "line": 253, "column": 54 }
                    },
                    {
                        "start": { "line": 253, "column": 58 },
                        "end": { "line": 253, "column": 70 }
                    }
                ]
            },
            "16": {
                "loc": {
                    "start": { "line": 261, "column": 12 },
                    "end": { "line": 270, "column": 13 }
                },
                "type": "if",
                "locations": [
                    {
                        "start": { "line": 261, "column": 12 },
                        "end": { "line": 270, "column": 13 }
                    }
                ]
            },
            "17": {
                "loc": {
                    "start": { "line": 264, "column": 20 },
                    "end": { "line": 266, "column": 21 }
                },
                "type": "if",
                "locations": [
                    {
                        "start": { "line": 264, "column": 20 },
                        "end": { "line": 266, "column": 21 }
                    }
                ]
            },
            "18": {
                "loc": {
                    "start": { "line": 283, "column": 8 },
                    "end": { "line": 285, "column": 9 }
                },
                "type": "if",
                "locations": [
                    {
                        "start": { "line": 283, "column": 8 },
                        "end": { "line": 285, "column": 9 }
                    }
                ]
            },
            "19": {
                "loc": {
                    "start": { "line": 287, "column": 47 },
                    "end": { "line": 287, "column": 60 }
                },
                "type": "cond-expr",
                "locations": [
                    {
                        "start": { "line": 287, "column": 51 },
                        "end": { "line": 287, "column": 53 }
                    },
                    {
                        "start": { "line": 287, "column": 47 },
                        "end": { "line": 287, "column": 60 }
                    }
                ]
            },
            "20": {
                "loc": {
                    "start": { "line": 287, "column": 47 },
                    "end": { "line": 287, "column": 53 }
                },
                "type": "binary-expr",
                "locations": [
                    {
                        "start": { "line": 287, "column": 47 },
                        "end": { "line": 287, "column": 53 }
                    },
                    {
                        "start": { "line": 287, "column": 47 },
                        "end": { "line": 287, "column": 53 }
                    }
                ]
            },
            "21": {
                "loc": {
                    "start": { "line": 289, "column": 8 },
                    "end": { "line": 291, "column": 9 }
                },
                "type": "if",
                "locations": [
                    {
                        "start": { "line": 289, "column": 8 },
                        "end": { "line": 291, "column": 9 }
                    }
                ]
            },
            "22": {
                "loc": {
                    "start": { "line": 297, "column": 12 },
                    "end": { "line": 297, "column": 72 }
                },
                "type": "cond-expr",
                "locations": [
                    {
                        "start": { "line": 297, "column": 35 },
                        "end": { "line": 297, "column": 37 }
                    },
                    {
                        "start": { "line": 297, "column": 12 },
                        "end": { "line": 297, "column": 72 }
                    }
                ]
            },
            "23": {
                "loc": {
                    "start": { "line": 297, "column": 12 },
                    "end": { "line": 297, "column": 37 }
                },
                "type": "binary-expr",
                "locations": [
                    {
                        "start": { "line": 297, "column": 12 },
                        "end": { "line": 297, "column": 37 }
                    },
                    {
                        "start": { "line": 297, "column": 12 },
                        "end": { "line": 297, "column": 37 }
                    }
                ]
            },
            "24": {
                "loc": {
                    "start": { "line": 301, "column": 8 },
                    "end": { "line": 306, "column": 9 }
                },
                "type": "if",
                "locations": [
                    {
                        "start": { "line": 301, "column": 8 },
                        "end": { "line": 306, "column": 9 }
                    }
                ]
            },
            "25": {
                "loc": {
                    "start": { "line": 302, "column": 12 },
                    "end": { "line": 303, "column": 51 }
                },
                "type": "binary-expr",
                "locations": [
                    {
                        "start": { "line": 302, "column": 12 },
                        "end": { "line": 302, "column": 36 }
                    },
                    {
                        "start": { "line": 303, "column": 12 },
                        "end": { "line": 303, "column": 51 }
                    }
                ]
            },
            "26": {
                "loc": {
                    "start": { "line": 308, "column": 22 },
                    "end": { "line": 308, "column": 77 }
                },
                "type": "cond-expr",
                "locations": [
                    {
                        "start": { "line": 308, "column": 45 },
                        "end": { "line": 308, "column": 47 }
                    },
                    {
                        "start": { "line": 308, "column": 22 },
                        "end": { "line": 308, "column": 77 }
                    }
                ]
            },
            "27": {
                "loc": {
                    "start": { "line": 308, "column": 22 },
                    "end": { "line": 308, "column": 47 }
                },
                "type": "binary-expr",
                "locations": [
                    {
                        "start": { "line": 308, "column": 22 },
                        "end": { "line": 308, "column": 47 }
                    },
                    {
                        "start": { "line": 308, "column": 22 },
                        "end": { "line": 308, "column": 47 }
                    }
                ]
            },
            "28": {
                "loc": {
                    "start": { "line": 309, "column": 21 },
                    "end": { "line": 309, "column": 42 }
                },
                "type": "cond-expr",
                "locations": [
                    {
                        "start": { "line": 309, "column": 29 },
                        "end": { "line": 309, "column": 37 }
                    },
                    {
                        "start": { "line": 309, "column": 40 },
                        "end": { "line": 309, "column": 42 }
                    }
                ]
            },
            "29": {
                "loc": {
                    "start": { "line": 316, "column": 43 },
                    "end": { "line": 316, "column": 72 }
                },
                "type": "cond-expr",
                "locations": [
                    {
                        "start": { "line": 316, "column": 66 },
                        "end": { "line": 316, "column": 68 }
                    },
                    {
                        "start": { "line": 316, "column": 43 },
                        "end": { "line": 316, "column": 72 }
                    }
                ]
            },
            "30": {
                "loc": {
                    "start": { "line": 316, "column": 43 },
                    "end": { "line": 316, "column": 68 }
                },
                "type": "binary-expr",
                "locations": [
                    {
                        "start": { "line": 316, "column": 43 },
                        "end": { "line": 316, "column": 68 }
                    },
                    {
                        "start": { "line": 316, "column": 43 },
                        "end": { "line": 316, "column": 68 }
                    }
                ]
            },
            "31": {
[...]
                }
            },
            "16": {
                "name": "(anonymous_39)",
                "decl": {
                    "start": { "line": 241, "column": 12 },
                    "end": { "line": 241, "column": 13 }
                },
                "loc": {
                    "start": { "line": 244, "column": 19 },
                    "end": { "line": 254, "column": 14 }
                }
            },
            "17": {
                "name": "getDidDoc",
                "decl": {
                    "start": { "line": 264, "column": 22 },
                    "end": { "line": 264, "column": 31 }
                },
                "loc": {
                    "start": { "line": 264, "column": 49 },
                    "end": { "line": 271, "column": null }
                }
            },
            "18": {
                "name": "getCurrentIssuer",
                "decl": {
                    "start": { "line": 273, "column": 22 },
                    "end": { "line": 273, "column": 38 }
                },
                "loc": {
                    "start": { "line": 273, "column": 38 },
                    "end": { "line": 285, "column": null }
                }
            },
            "19": {
                "name": "setCurrentIssuer",
                "decl": {
                    "start": { "line": 287, "column": 22 },
                    "end": { "line": 287, "column": 38 }
                },
                "loc": {
                    "start": { "line": 287, "column": 53 },
                    "end": { "line": 301, "column": null }
                }
            },
            "20": {
                "name": "getCurrentUser",
                "decl": {
                    "start": { "line": 303, "column": 22 },
                    "end": { "line": 303, "column": 36 }
                },
                "loc": {
                    "start": { "line": 303, "column": 36 },
                    "end": { "line": 315, "column": null }
                }
            },
            "21": {
                "name": "setCurrentUser",
                "decl": {
                    "start": { "line": 317, "column": 22 },
                    "end": { "line": 317, "column": 36 }
                },
                "loc": {
                    "start": { "line": 317, "column": 47 },
                    "end": { "line": 331, "column": null }
                }
            },
            "22": {
                "name": "deleteAll",
                "decl": {
                    "start": { "line": 333, "column": 22 },
                    "end": { "line": 333, "column": 31 }
                },
                "loc": {
                    "start": { "line": 333, "column": 31 },
                    "end": { "line": 347, "column": null }
                }
            },
            "23": {
                "name": "getIssuerList",
                "decl": {
                    "start": { "line": 349, "column": 22 },
                    "end": { "line": 349, "column": 35 }
                },
                "loc": {
                    "start": { "line": 349, "column": 35 },
                    "end": { "line": 352, "column": null }
                }
            },
            "24": {
                "name": "getUserList",
                "decl": {
                    "start": { "line": 354, "column": 22 },
                    "end": { "line": 354, "column": 33 }
                },
                "loc": {
                    "start": { "line": 354, "column": 33 },
                    "end": { "line": 357, "column": null }
                }
            },
            "25": {
                "name": "getUserProps",
                "decl": {
                    "start": { "line": 359, "column": 22 },
                    "end": { "line": 359, "column": 34 }
                },
                "loc": {
                    "start": { "line": 359, "column": 50 },
                    "end": { "line": 366, "column": null }
                }
            }
        },
        "branchMap": {
            "0": {
                "loc": {
                    "start": { "line": 83, "column": 4 },
                    "end": { "line": 85, "column": 5 }
                },
                "type": "if",
                "locations": [
                    {
                        "start": { "line": 83, "column": 4 },
                        "end": { "line": 85, "column": 5 }
                    }
                ]
            },
            "1": {
                "loc": {
                    "start": { "line": 87, "column": 4 },
                    "end": { "line": 89, "column": 5 }
                },
                "type": "if",
                "locations": [
                    {
                        "start": { "line": 87, "column": 4 },
                        "end": { "line": 89, "column": 5 }
                    }
                ]
            },
            "2": {
                "loc": {
                    "start": { "line": 280, "column": 15 },
                    "end": { "line": 280, "column": 36 }
                },
                "type": "binary-expr",
                "locations": [
                    {
                        "start": { "line": 280, "column": 15 },
                        "end": { "line": 280, "column": 28 }
                    },
                    {
                        "start": { "line": 280, "column": 32 },
                        "end": { "line": 280, "column": 36 }
                    }
                ]
            },
            "3": {
                "loc": {
                    "start": { "line": 310, "column": 15 },
                    "end": { "line": 310, "column": 34 }
                },
                "type": "binary-expr",
                "locations": [
                    {
                        "start": { "line": 310, "column": 15 },
                        "end": { "line": 310, "column": 26 }
                    },
                    {
                        "start": { "line": 310, "column": 30 },
                        "end": { "line": 310, "column": 34 }
                    }
                ]
            },
            "4": {
                "loc": {
                    "start": { "line": 365, "column": 11 },
                    "end": { "line": 365, "column": 22 }
                },
                "type": "cond-expr",
                "locations": [
                    {
                        "start": { "line": 365, "column": 15 },
                        "end": { "line": 365, "column": 17 }
                    },
                    {
                        "start": { "line": 365, "column": 11 },
                        "end": { "line": 365, "column": 22 }
                    }
                ]
            },
            "5": {
                "loc": {
                    "start": { "line": 365, "column": 11 },
                    "end": { "line": 365, "column": 17 }
                },
                "type": "binary-expr",
                "locations": [
                    {
                        "start": { "line": 365, "column": 11 },
                        "end": { "line": 365, "column": 17 }
                    },
                    {
                        "start": { "line": 365, "column": 11 },
                        "end": { "line": 365, "column": 17 }
                    }
                ]
            }
        },
        "s": {
            "0": 7,
            "1": 7,
            "2": 7,
            "3": 7,
            "4": 7,
            "5": 7,
            "6": 7,
            "7": 7,
            "8": 7,
            "9": 7,
            "10": 7,
            "11": 7,
            "12": 7,
            "13": 7,
            "14": 7,
            "15": 7,
            "16": 7,
            "17": 7,
            "18": 7,
            "19": 7,
            "20": 7,
            "21": 7,
            "22": 7,
            "23": 7,
            "24": 7,
            "25": 7,
            "26": 7,
            "27": 7,
            "28": 7,
            "29": 7,
            "30": 0,
            "31": 0,
            "32": 0,
            "33": 2,
            "34": 2,
            "35": 2,
            "36": 0,
            "37": 0,
            "38": 0,
            "39": 0,
            "40": 0,
            "41": 0,
            "42": 0,
            "43": 0,
            "44": 0,
            "45": 0,
            "46": 0,
            "47": 0,
            "48": 0,
            "49": 0,
            "50": 0,
            "51": 0,
            "52": 1,
            "53": 1,
            "54": 1,
            "55": 1,
            "56": 0,
            "57": 0,
            "58": 0,
            "59": 0,
            "60": 0,
            "61": 0,
            "62": 2,
            "63": 2,
            "64": 2,
            "65": 0,
            "66": 2,
            "67": 0,
            "68": 0,
            "69": 0,
            "70": 0,
            "71": 0,
            "72": 0,
            "73": 0,
            "74": 1,
            "75": 1,
            "76": 1,
            "77": 1,
            "78": 1,
            "79": 0,
            "80": 0,
            "81": 1,
            "82": 1,
            "83": 13,
            "84": 13,
            "85": 13,
            "86": 0,
            "87": 0,
            "88": 7,
            "89": 7,
            "90": 7,
            "91": 7,
            "92": 0,
            "93": 0,
            "94": 0,
            "95": 0,
            "96": 0,
            "97": 0,
            "98": 0,
            "99": 0,
            "100": 0,
            "101": 0,
            "102": 0,
            "103": 13,
            "104": 13,
            "105": 13,
            "106": 13,
            "107": 13,
            "108": 13,
            "109": 13,
            "110": 13,
            "111": 13,
            "112": 0,
            "113": 0,
            "114": 0,
            "115": 0,
            "116": 0,
            "117": 0,
            "118": 0
        },
        "f": {
            "0": 7,
            "1": 0,
            "2": 2,
            "3": 0,
            "4": 0,
            "5": 0,
            "6": 0,
            "7": 1,
            "8": 1,
            "9": 0,
            "10": 0,
            "11": 0,
            "12": 2,
            "13": 0,
            "14": 0,
            "15": 1,
            "16": 1,
            "17": 1,
            "18": 13,
            "19": 7,
            "20": 0,
            "21": 0,
            "22": 13,
            "23": 0,
            "24": 0,
            "25": 0
        },
        "b": {
            "0": [0],
            "1": [0],
            "2": [13, 6],
            "3": [0, 0],
            "4": [0, 0],
            "5": [0, 0]
        }
    },
    "/home/nabeelinux/capstone-project-3900h13bwriterundebugrepeat/identity-issuer/src/utils/issuer_functions.ts": {
        "path": "/home/nabeelinux/capstone-project-3900h13bwriterundebugrepeat/identity-issuer/src/utils/issuer_functions.ts",
        "statementMap": {
            "0": {
                "start": { "line": 6, "column": 0 },
                "end": { "line": 6, "column": 16 }
            },
            "1": {
                "start": { "line": 26, "column": 0 },
                "end": { "line": 26, "column": 22 }
            },
            "2": {
                "start": { "line": 88, "column": 0 },
                "end": { "line": 88, "column": 22 }
            },
            "3": {
                "start": { "line": 1, "column": 0 },
                "end": { "line": 1, "column": 27 }
            },
            "4": {
                "start": { "line": 2, "column": 0 },
                "end": { "line": 2, "column": 46 }
            },
            "5": {
                "start": { "line": 8, "column": 8 },
                "end": { "line": 8, "column": 72 }
            },
            "6": {
                "start": { "line": 9, "column": 36 },
                "end": { "line": 10, "column": 62 }
            },
            "7": {
                "start": { "line": 10, "column": 8 },
                "end": { "line": 10, "column": 62 }
            },
            "8": {
                "start": { "line": 15, "column": 22 },
                "end": { "line": 15, "column": 63 }
            },
            "9": {
                "start": { "line": 16, "column": 4 },
                "end": { "line": 19, "column": null }
            },
            "10": {
                "start": { "line": 17, "column": 51 },
                "end": { "line": 17, "column": 76 }
            },
            "11": {
                "start": { "line": 21, "column": 4 },
                "end": { "line": 21, "column": null }
            },
            "12": {
                "start": { "line": 27, "column": 4 },
                "end": { "line": 81, "column": 5 }
            },
            "13": {
                "start": { "line": 30, "column": 8 },
                "end": { "line": 30, "column": null }
            },
            "14": {
                "start": { "line": 32, "column": 22 },
                "end": { "line": 32, "column": 64 }
            },
            "15": {
                "start": { "line": 33, "column": 24 },
                "end": { "line": 37, "column": 10 }
            },
            "16": {
                "start": { "line": 40, "column": 23 },
                "end": { "line": 67, "column": null }
            },
            "17": {
                "start": { "line": 70, "column": 8 },
                "end": { "line": 76, "column": null }
            },
            "18": {
                "start": { "line": 78, "column": 8 },
                "end": { "line": 78, "column": null }
            },
            "19": {
                "start": { "line": 80, "column": 8 },
                "end": { "line": 80, "column": null }
            },
            "20": {
                "start": { "line": 98, "column": 20 },
                "end": { "line": 111, "column": null }
            },
            "21": {
                "start": { "line": 113, "column": 16 },
                "end": { "line": 117, "column": 25 }
            },
            "22": {
                "start": { "line": 119, "column": 4 },
                "end": { "line": 119, "column": null }
            },
            "23": {
                "start": { "line": 123, "column": 25 },
                "end": { "line": 125, "column": 40 }
            },
            "24": {
                "start": { "line": 127, "column": 4 },
                "end": { "line": 127, "column": null }
            },
            "25": {
                "start": { "line": 128, "column": 4 },
                "end": { "line": 128, "column": null }
            }
        },
        "fnMap": {
            "0": {
                "name": "generatePreAuthCode",
                "decl": {
                    "start": { "line": 6, "column": 16 },
                    "end": { "line": 6, "column": 35 }
                },
                "loc": {
                    "start": { "line": 6, "column": 35 },
                    "end": { "line": 22, "column": 1 }
                }
            },
            "1": {
                "name": "(anonymous_9)",
                "decl": {
                    "start": { "line": 9, "column": 36 },
                    "end": { "line": 9, "column": 39 }
                },
                "loc": {
                    "start": { "line": 10, "column": 8 },
                    "end": { "line": 10, "column": 62 }
                }
            },
            "2": {
                "name": "(anonymous_10)",
                "decl": {
                    "start": { "line": 17, "column": 45 },
                    "end": { "line": 17, "column": 48 }
                },
                "loc": {
                    "start": { "line": 17, "column": 51 },
                    "end": { "line": 17, "column": 76 }
                }
            },
            "3": {
                "name": "generateDid",
                "decl": {
                    "start": { "line": 26, "column": 22 },
                    "end": { "line": 26, "column": 33 }
                },
                "loc": {
                    "start": { "line": 26, "column": 46 },
                    "end": { "line": 82, "column": null }
                }
            },
            "4": {
                "name": "generateAccessToken",
                "decl": {
                    "start": { "line": 88, "column": 22 },
                    "end": { "line": 88, "column": 41 }
                },
                "loc": {
                    "start": { "line": 95, "column": 19 },
                    "end": { "line": 129, "column": null }
                }
            }
        },
        "branchMap": {},
        "s": {
            "0": 7,
            "1": 7,
            "2": 7,
            "3": 7,
            "4": 7,
            "5": 2,
            "6": 2,
            "7": 5,
            "8": 2,
            "9": 2,
            "10": 1,
            "11": 2,
            "12": 7,
            "13": 7,
            "14": 7,
            "15": 7,
            "16": 7,
            "17": 7,
            "18": 7,
            "19": 0,
            "20": 1,
            "21": 1,
            "22": 1,
            "23": 1,
            "24": 1,
            "25": 1
        },
        "f": { "0": 2, "1": 5, "2": 1, "3": 7, "4": 1 },
        "b": {}
    },
    "/home/nabeelinux/capstone-project-3900h13bwriterundebugrepeat/identity-issuer/src/utils/logger.ts": {
        "path": "/home/nabeelinux/capstone-project-3900h13bwriterundebugrepeat/identity-issuer/src/utils/logger.ts",
        "statementMap": {
            "0": {
                "start": { "line": 4, "column": 0 },
                "end": { "line": 4, "column": 25 }
            },
            "1": {
                "start": { "line": 5, "column": 0 },
                "end": { "line": 5, "column": 25 }
            },
            "2": {
                "start": { "line": 7, "column": 12 },
                "end": { "line": 18, "column": 2 }
            },
            "3": {
                "start": { "line": 17, "column": 21 },
                "end": { "line": 17, "column": 52 }
            },
            "4": {
                "start": { "line": 20, "column": 0 },
                "end": { "line": 20, "column": null }
            }
        },
        "fnMap": {
            "0": {
                "name": "(anonymous_1)",
                "decl": {
                    "start": { "line": 17, "column": 15 },
                    "end": { "line": 17, "column": 18 }
                },
                "loc": {
                    "start": { "line": 17, "column": 21 },
                    "end": { "line": 17, "column": 52 }
                }
            }
        },
        "branchMap": {},
        "s": { "0": 7, "1": 7, "2": 7, "3": 53, "4": 7 },
        "f": { "0": 53 },
        "b": {}
    },
    "/home/nabeelinux/capstone-project-3900h13bwriterundebugrepeat/identity-issuer/src/utils/zod-types.ts": {
        "path": "/home/nabeelinux/capstone-project-3900h13bwriterundebugrepeat/identity-issuer/src/utils/zod-types.ts",
        "statementMap": {
            "0": {
                "start": { "line": 5, "column": 0 },
                "end": { "line": 5, "column": 23 }
            },
            "1": {
                "start": { "line": 9, "column": 13 },
                "end": { "line": 23, "column": null }
            },
            "2": {
                "start": { "line": 27, "column": 13 },
                "end": { "line": 41, "column": null }
            },
            "3": {
                "start": { "line": 46, "column": 13 },
                "end": { "line": 62, "column": null }
            },
            "4": {
                "start": { "line": 67, "column": 13 },
                "end": { "line": 71, "column": null }
            }
        },
        "fnMap": {},
        "branchMap": {},
        "s": { "0": 7, "1": 7, "2": 7, "3": 7, "4": 7 },
        "f": {},
        "b": {}
    }
}
