TN:
SF:config/default.ts
FNF:0
FNH:0
DA:1,7
LF:1
LH:1
BRF:0
BRH:0
end_of_record
TN:
SF:src/app.ts
FN:13,(anonymous_8)
FN:13,(anonymous_9)
FNF:2
FNH:2
FNDA:7,(anonymous_8)
FNDA:7,(anonymous_9)
DA:1,7
DA:2,7
DA:3,7
DA:4,7
DA:6,7
DA:8,7
DA:9,7
DA:11,7
DA:13,7
DA:14,7
DA:17,7
LF:11
LH:11
BRF:0
BRH:0
end_of_record
TN:
SF:src/routes.ts
FN:45,routes
FN:46,(anonymous_9)
FN:52,(anonymous_10)
FN:52,(anonymous_11)
FN:68,(anonymous_12)
FN:123,(anonymous_13)
FN:123,(anonymous_14)
FN:140,(anonymous_15)
FN:243,findValues
FN:276,(anonymous_17)
FN:276,(anonymous_18)
FN:345,(anonymous_19)
FN:345,(anonymous_20)
FN:390,(anonymous_21)
FN:390,(anonymous_22)
FN:414,(anonymous_23)
FN:414,(anonymous_24)
FN:431,(anonymous_25)
FN:431,(anonymous_26)
FN:458,(anonymous_27)
FN:458,(anonymous_28)
FN:475,(anonymous_29)
FN:475,(anonymous_30)
FN:504,(anonymous_31)
FN:504,(anonymous_32)
FN:539,(anonymous_33)
FN:539,(anonymous_34)
FN:574,(anonymous_35)
FN:574,(anonymous_36)
FN:643,(anonymous_37)
FN:643,(anonymous_38)
FN:664,(anonymous_39)
FN:664,(anonymous_40)
FN:683,(anonymous_41)
FN:683,(anonymous_42)
FN:707,(anonymous_43)
FN:707,(anonymous_44)
FN:722,(anonymous_45)
FN:722,(anonymous_46)
FNF:39
FNH:16
FNDA:7,routes
FNDA:1,(anonymous_9)
FNDA:2,(anonymous_10)
FNDA:2,(anonymous_11)
FNDA:8,(anonymous_12)
FNDA:1,(anonymous_13)
FNDA:1,(anonymous_14)
FNDA:4,(anonymous_15)
FNDA:0,findValues
FNDA:0,(anonymous_17)
FNDA:0,(anonymous_18)
FNDA:7,(anonymous_19)
FNDA:7,(anonymous_20)
FNDA:0,(anonymous_21)
FNDA:0,(anonymous_22)
FNDA:0,(anonymous_23)
FNDA:0,(anonymous_24)
FNDA:1,(anonymous_25)
FNDA:1,(anonymous_26)
FNDA:0,(anonymous_27)
FNDA:0,(anonymous_28)
FNDA:0,(anonymous_29)
FNDA:0,(anonymous_30)
FNDA:2,(anonymous_31)
FNDA:2,(anonymous_32)
FNDA:0,(anonymous_33)
FNDA:0,(anonymous_34)
FNDA:1,(anonymous_35)
FNDA:1,(anonymous_36)
FNDA:0,(anonymous_37)
FNDA:0,(anonymous_38)
FNDA:0,(anonymous_39)
FNDA:0,(anonymous_40)
FNDA:0,(anonymous_41)
FNDA:0,(anonymous_42)
FNDA:0,(anonymous_43)
FNDA:0,(anonymous_44)
FNDA:0,(anonymous_45)
FNDA:0,(anonymous_46)
DA:2,7
DA:24,7
DA:25,7
DA:30,7
DA:36,7
DA:37,7
DA:38,7
DA:43,7
DA:46,7
DA:47,1
DA:48,1
DA:52,7
DA:53,2
DA:55,2
DA:56,2
DA:57,2
DA:58,2
DA:60,2
DA:61,2
DA:64,2
DA:66,2
DA:68,8
DA:69,2
DA:70,2
DA:72,2
DA:73,2
DA:75,2
DA:81,2
DA:83,2
DA:84,2
DA:87,2
DA:98,2
DA:101,2
DA:103,2
DA:105,2
DA:106,2
DA:108,2
DA:110,0
DA:111,0
DA:114,0
DA:115,0
DA:121,7
DA:123,1
DA:124,1
DA:125,1
DA:127,1
DA:128,0
DA:131,1
DA:132,1
DA:134,1
DA:135,1
DA:138,1
DA:140,1
DA:141,4
DA:143,1
DA:144,1
DA:146,1
DA:147,1
DA:149,1
DA:155,1
DA:157,1
DA:159,1
DA:162,1
DA:163,1
DA:165,1
DA:167,1
DA:168,0
DA:172,1
DA:173,1
DA:174,1
DA:177,1
DA:185,1
DA:189,1
DA:198,1
DA:199,1
DA:201,1
DA:203,1
DA:208,1
DA:213,1
DA:215,0
DA:216,0
DA:220,0
DA:222,0
DA:226,0
DA:230,0
DA:231,0
DA:245,0
DA:247,0
DA:248,0
DA:249,0
DA:250,0
DA:252,0
DA:253,0
DA:254,0
DA:256,0
DA:257,0
DA:261,0
DA:262,0
DA:263,0
DA:264,0
DA:265,0
DA:267,0
DA:269,0
DA:273,0
DA:276,7
DA:277,0
DA:282,0
DA:283,0
DA:284,0
DA:287,0
DA:289,0
DA:290,0
DA:294,0
DA:297,0
DA:299,0
DA:301,0
DA:305,0
DA:308,0
DA:309,0
DA:311,0
DA:336,0
DA:337,0
DA:339,0
DA:341,0
DA:345,7
DA:346,7
DA:348,7
DA:350,7
DA:351,0
DA:354,7
DA:356,7
DA:357,7
DA:358,7
DA:360,7
DA:362,7
DA:370,7
DA:372,7
DA:373,6
DA:377,7
DA:383,0
DA:384,0
DA:390,7
DA:391,0
DA:393,0
DA:394,0
DA:395,0
DA:397,0
DA:398,0
DA:401,0
DA:407,0
DA:408,0
DA:414,7
DA:415,0
DA:416,0
DA:418,0
DA:419,0
DA:421,0
DA:424,0
DA:425,0
DA:431,7
DA:432,1
DA:434,1
DA:436,1
DA:438,1
DA:439,0
DA:442,1
DA:445,1
DA:451,0
DA:452,0
DA:458,7
DA:459,0
DA:460,0
DA:462,0
DA:463,0
DA:465,0
DA:468,0
DA:469,0
DA:475,7
DA:476,0
DA:478,0
DA:480,0
DA:482,0
DA:483,0
DA:486,0
DA:489,0
DA:495,0
DA:496,0
DA:502,7
DA:504,2
DA:505,2
DA:507,2
DA:509,2
DA:510,0
DA:513,2
DA:516,2
DA:523,2
DA:529,0
DA:532,0
DA:539,7
DA:541,0
DA:543,0
DA:545,0
DA:546,0
DA:549,0
DA:551,0
DA:561,0
DA:567,0
DA:568,0
DA:574,7
DA:575,1
DA:577,1
DA:579,1
DA:580,0
DA:582,1
DA:588,1
DA:590,1
DA:591,0
DA:594,1
DA:596,1
DA:597,0
DA:600,1
DA:601,1
DA:602,1
DA:604,1
DA:610,1
DA:615,1
DA:617,1
DA:618,1
DA:619,1
DA:620,1
DA:622,0
DA:626,0
DA:627,0
DA:631,0
DA:634,0
DA:635,0
DA:641,7
DA:643,0
DA:644,0
DA:646,0
DA:648,0
DA:650,0
DA:651,0
DA:656,0
DA:658,0
DA:659,0
DA:664,7
DA:665,0
DA:667,0
DA:668,0
DA:670,0
DA:671,0
DA:674,0
DA:676,0
DA:677,0
DA:681,7
DA:683,0
DA:684,0
DA:686,0
DA:688,0
DA:693,0
DA:694,0
DA:699,0
DA:701,0
DA:702,0
DA:707,7
DA:708,0
DA:709,0
DA:711,0
DA:712,0
DA:715,0
DA:717,0
DA:718,0
DA:722,7
DA:723,0
DA:724,0
DA:726,0
DA:727,0
DA:730,0
DA:732,0
DA:733,0
DA:738,7
LF:282
LH:133
BRDA:58,0,0,2
BRDA:58,0,1,0
BRDA:58,1,0,0
BRDA:58,1,1,2
BRDA:58,2,0,2
BRDA:58,2,1,2
BRDA:60,3,0,2
BRDA:73,4,0,2
BRDA:103,5,0,2
BRDA:103,5,1,0
BRDA:127,6,0,0
BRDA:131,7,0,1
BRDA:131,7,1,0
BRDA:134,8,0,1
BRDA:147,9,0,1
BRDA:167,10,0,0
BRDA:201,11,0,1
BRDA:201,11,1,0
BRDA:201,12,0,1
BRDA:201,12,1,1
BRDA:215,13,0,0
BRDA:215,13,1,0
BRDA:253,14,0,0
BRDA:253,14,1,0
BRDA:253,15,0,0
BRDA:253,15,1,0
BRDA:253,15,2,0
BRDA:261,16,0,0
BRDA:264,17,0,0
BRDA:283,18,0,0
BRDA:287,19,0,0
BRDA:287,19,1,0
BRDA:287,20,0,0
BRDA:287,20,1,0
BRDA:289,21,0,0
BRDA:297,22,0,0
BRDA:297,22,1,0
BRDA:297,23,0,0
BRDA:297,23,1,0
BRDA:301,24,0,0
BRDA:302,25,0,0
BRDA:302,25,1,0
BRDA:308,26,0,0
BRDA:308,26,1,0
BRDA:308,27,0,0
BRDA:308,27,1,0
BRDA:309,28,0,0
BRDA:309,28,1,0
BRDA:316,29,0,0
BRDA:316,29,1,0
BRDA:316,30,0,0
BRDA:316,30,1,0
BRDA:318,31,0,0
BRDA:318,31,1,0
BRDA:318,32,0,0
BRDA:318,32,1,0
BRDA:322,33,0,0
BRDA:322,33,1,0
BRDA:322,34,0,0
BRDA:322,34,1,0
BRDA:324,35,0,0
BRDA:324,35,1,0
BRDA:324,36,0,0
BRDA:324,36,1,0
BRDA:325,37,0,0
BRDA:325,37,1,0
BRDA:325,38,0,0
BRDA:325,38,1,0
BRDA:331,39,0,0
BRDA:331,39,1,0
BRDA:331,40,0,0
BRDA:331,40,1,0
BRDA:350,41,0,0
BRDA:372,42,0,6
BRDA:397,43,0,0
BRDA:418,44,0,0
BRDA:438,45,0,0
BRDA:462,46,0,0
BRDA:482,47,0,0
BRDA:509,48,0,0
BRDA:545,49,0,0
BRDA:579,50,0,0
BRDA:582,51,0,1
BRDA:582,51,1,0
BRDA:583,52,0,1
BRDA:583,52,1,1
BRDA:583,52,2,1
BRDA:590,53,0,0
BRDA:596,54,0,0
BRDA:602,55,0,0
BRDA:602,55,1,1
BRDA:602,56,0,1
BRDA:602,56,1,1
BRDA:617,57,0,1
BRDA:622,58,0,0
BRDA:622,58,1,0
BRDA:623,59,0,0
BRDA:623,59,1,0
BRDA:627,60,0,0
BRDA:650,61,0,0
BRDA:670,62,0,0
BRDA:693,63,0,0
BRDA:711,64,0,0
BRDA:726,65,0,0
BRF:104
BRH:22
end_of_record
TN:
SF:src/utils/connect.ts
FN:18,createIssuer
FN:38,createUser
FN:49,createCredentialConfiguration
FN:67,createCredential
FN:101,createBusiness
FN:121,modifyBusinessRequiredCredentials
FN:137,findCredentialConfiguration
FN:146,getIssuer
FN:154,findIssuerByDID
FN:162,getUser
FN:170,findBusinessConfigurationByDID
FN:178,findCredentialByUserIdAndCredentialConfigurationId
FN:192,getAllCredentialConfigurations
FN:203,(anonymous_34)
FN:216,getCredentialConfigurationFromName
FN:233,getAllConfigerationsSupported
FN:241,(anonymous_39)
FN:264,getDidDoc
FN:273,getCurrentIssuer
FN:287,setCurrentIssuer
FN:303,getCurrentUser
FN:317,setCurrentUser
FN:333,deleteAll
FN:349,getIssuerList
FN:354,getUserList
FN:359,getUserProps
FNF:26
FNH:11
FNDA:7,createIssuer
FNDA:0,createUser
FNDA:2,createCredentialConfiguration
FNDA:0,createCredential
FNDA:0,createBusiness
FNDA:0,modifyBusinessRequiredCredentials
FNDA:0,findCredentialConfiguration
FNDA:1,getIssuer
FNDA:1,findIssuerByDID
FNDA:0,getUser
FNDA:0,findBusinessConfigurationByDID
FNDA:0,findCredentialByUserIdAndCredentialConfigurationId
FNDA:2,getAllCredentialConfigurations
FNDA:0,(anonymous_34)
FNDA:0,getCredentialConfigurationFromName
FNDA:1,getAllConfigerationsSupported
FNDA:1,(anonymous_39)
FNDA:1,getDidDoc
FNDA:13,getCurrentIssuer
FNDA:7,setCurrentIssuer
FNDA:0,getCurrentUser
FNDA:0,setCurrentUser
FNDA:13,deleteAll
FNDA:0,getIssuerList
FNDA:0,getUserList
FNDA:0,getUserProps
DA:2,7
DA:4,7
DA:6,7
DA:18,7
DA:25,7
DA:34,7
DA:35,7
DA:38,7
DA:39,0
DA:45,0
DA:46,0
DA:49,7
DA:54,2
DA:63,2
DA:64,2
DA:67,7
DA:76,0
DA:83,0
DA:84,0
DA:87,0
DA:88,0
DA:92,0
DA:96,0
DA:98,0
DA:101,7
DA:108,0
DA:117,0
DA:118,0
DA:121,7
DA:125,0
DA:131,0
DA:132,0
DA:137,7
DA:139,0
DA:143,0
DA:146,7
DA:147,1
DA:151,1
DA:154,7
DA:155,1
DA:159,1
DA:162,7
DA:163,0
DA:167,0
DA:170,7
DA:171,0
DA:175,0
DA:178,7
DA:182,0
DA:189,0
DA:192,7
DA:195,2
DA:198,2
DA:202,2
DA:203,0
DA:209,2
DA:211,0
DA:212,0
DA:216,7
DA:217,0
DA:220,0
DA:226,0
DA:228,0
DA:229,0
DA:233,7
DA:234,1
DA:237,1
DA:240,1
DA:244,1
DA:257,1
DA:259,0
DA:260,0
DA:264,7
DA:265,1
DA:270,1
DA:273,7
DA:274,13
DA:275,13
DA:280,13
DA:282,0
DA:283,0
DA:287,7
DA:288,7
DA:289,7
DA:291,7
DA:297,7
DA:299,0
DA:303,7
DA:304,0
DA:305,0
DA:310,0
DA:312,0
DA:313,0
DA:317,7
DA:318,0
DA:319,0
DA:321,0
DA:327,0
DA:329,0
DA:333,7
DA:334,13
DA:335,13
DA:336,13
DA:337,13
DA:338,13
DA:339,13
DA:340,13
DA:341,13
DA:343,13
DA:345,0
DA:349,7
DA:350,0
DA:351,0
DA:354,7
DA:355,0
DA:356,0
DA:359,7
DA:360,0
DA:365,0
LF:119
LH:64
BRDA:83,0,0,0
BRDA:87,1,0,0
BRDA:280,2,0,13
BRDA:280,2,1,6
BRDA:310,3,0,0
BRDA:310,3,1,0
BRDA:365,4,0,0
BRDA:365,4,1,0
BRDA:365,5,0,0
BRDA:365,5,1,0
BRF:10
BRH:2
end_of_record
TN:
SF:src/utils/issuer_functions.ts
FN:6,generatePreAuthCode
FN:9,(anonymous_9)
FN:17,(anonymous_10)
FN:26,generateDid
FN:88,generateAccessToken
FNF:5
FNH:5
FNDA:2,generatePreAuthCode
FNDA:5,(anonymous_9)
FNDA:1,(anonymous_10)
FNDA:7,generateDid
FNDA:1,generateAccessToken
DA:1,7
DA:2,7
DA:6,7
DA:8,2
DA:9,2
DA:10,5
DA:15,2
DA:16,2
DA:17,1
DA:21,2
DA:26,7
DA:27,7
DA:30,7
DA:32,7
DA:33,7
DA:40,7
DA:70,7
DA:78,7
DA:80,0
DA:88,7
DA:98,1
DA:113,1
DA:119,1
DA:123,1
DA:127,1
DA:128,1
LF:26
LH:25
BRF:0
BRH:0
end_of_record
TN:
SF:src/utils/logger.ts
FN:17,(anonymous_1)
FNF:1
FNH:1
FNDA:53,(anonymous_1)
DA:4,7
DA:5,7
DA:7,7
DA:17,53
DA:20,7
LF:5
LH:5
BRF:0
BRH:0
end_of_record
TN:
SF:src/utils/zod-types.ts
FNF:0
FNH:0
DA:5,7
DA:9,7
DA:27,7
DA:46,7
DA:67,7
LF:5
LH:5
BRF:0
BRH:0
end_of_record
